<?xml version="1.0" encoding="UTF-8"?>
<testsuite name="QRCodeApiTest" tests="1" skipped="0" failures="0" errors="0" timestamp="2024-05-19T10:31:11" hostname="WIN-PK97IO7J39D" time="6.686">
  <properties/>
  <testcase name="start" classname="QRCodeApiTest" time="6.686"/>
  <system-out><![CDATA[?[1;31m
Start test 1?[0m
?[0;34m
?[0m?[0;34m  .   ____          _            __ _ _
?[0m?[0;34m /\\ / ___'_ __ _ _(_)_ __  __ _ \ \ \ \
?[0m?[0;34m( ( )\___ | '_ | '_| | '_ \/ _` | \ \ \ \
?[0m?[0;34m \\/  ___)| |_)| | | | | || (_| |  ) ) ) )
?[0m?[0;34m  '  |____| .__|_| |_|_| |_\__, | / / / /
?[0m?[0;34m =========|_|==============|___/=/_/_/_/
?[0m?[0;34m :: Spring Boot ::                (v3.0.2)
?[0m?[0;34m
?[0m?[0;34m2024-05-19T15:31:12.270+05:00  INFO 13756 --- [    Test worker] qrcodeapi.ApplicationKt                  : Starting ApplicationKt using Java 17.0.10 with PID 13756 (started by User in D:\JetBrainsWork\QRCode Service (Kotlin)\QRCode Service (Kotlin)\task)
?[0m?[0;34m2024-05-19T15:31:12.276+05:00  INFO 13756 --- [    Test worker] qrcodeapi.ApplicationKt                  : No active profile set, falling back to 1 default profile: "default"
?[0m?[0;34m2024-05-19T15:31:15.073+05:00  INFO 13756 --- [    Test worker] o.s.b.w.embedded.tomcat.TomcatWebServer  : Tomcat initialized with port(s): 8080 (http)
?[0m?[0;34m2024-05-19T15:31:15.095+05:00  INFO 13756 --- [    Test worker] o.apache.catalina.core.StandardService   : Starting service [Tomcat]
?[0m?[0;34m2024-05-19T15:31:15.095+05:00  INFO 13756 --- [    Test worker] o.apache.catalina.core.StandardEngine    : Starting Servlet engine: [Apache Tomcat/10.1.5]
?[0m?[0;34m2024-05-19T15:31:15.242+05:00  INFO 13756 --- [    Test worker] o.a.c.c.C.[Tomcat].[localhost].[/]       : Initializing Spring embedded WebApplicationContext
?[0m?[0;34m2024-05-19T15:31:15.245+05:00  INFO 13756 --- [    Test worker] w.s.c.ServletWebServerApplicationContext : Root WebApplicationContext: initialization completed in 2877 ms
?[0m?[0;34m2024-05-19T15:31:16.474+05:00  INFO 13756 --- [    Test worker] o.s.b.a.e.web.EndpointLinksResolver      : Exposing 1 endpoint(s) beneath base path '/actuator'
?[0m?[0;34m2024-05-19T15:31:16.580+05:00  INFO 13756 --- [    Test worker] o.s.b.w.embedded.tomcat.TomcatWebServer  : Tomcat started on port(s): 8080 (http) with context path ''
?[0m?[0;34m2024-05-19T15:31:16.603+05:00  INFO 13756 --- [    Test worker] qrcodeapi.ApplicationKt                  : Started ApplicationKt in 4.982 seconds (process running for 6.304)
?[0;34m2024-05-19T15:31:17.191+05:00  INFO 13756 --- [nio-8080-exec-1] o.a.c.c.C.[Tomcat].[localhost].[/]       : Initializing Spring DispatcherServlet 'dispatcherServlet'
?[0m?[0;34m2024-05-19T15:31:17.191+05:00  INFO 13756 --- [nio-8080-exec-1] o.s.web.servlet.DispatcherServlet        : Initializing Servlet 'dispatcherServlet'
?[0m?[0;34m2024-05-19T15:31:17.199+05:00  INFO 13756 --- [nio-8080-exec-1] o.s.web.servlet.DispatcherServlet        : Completed initialization in 7 ms
?[0m?[1;31m
Start test 2?[0m
?[1;31m
Start test 3?[0m
?[1;31m
Start test 4?[0m
?[1;31m
Start test 5?[0m
?[1;31m
Start test 6?[0m
?[1;31m
Start test 7?[0m
?[1;31m
Start test 8?[0m
?[1;31m
Start test 9?[0m
?[1;31m
Start test 10?[0m
?[1;31m
Start test 11?[0m
?[1;31m
Start test 12?[0m
?[1;31m
Start test 13?[0m
?[1;31m
Start test 14?[0m
?[1;31m
Start test 15?[0m
?[1;31m
Start test 16?[0m
?[1;31m
Start test 17?[0m
]]></system-out>
  <system-err><![CDATA[]]></system-err>
</testsuite>
